<?xml version="1.0" encoding="UTF-8"?>
<testng-results skipped="0" failed="1" ignored="6" total="9" passed="2">
  <reporter-output>
  </reporter-output>
  <suite name="Command line suite" duration-ms="16568" started-at="2022-12-29T13:40:21Z" finished-at="2022-12-29T13:40:38Z">
    <groups>
    </groups>
    <test name="Command line test" duration-ms="16568" started-at="2022-12-29T13:40:21Z" finished-at="2022-12-29T13:40:38Z">
      <class name="com.test.testcases.CreateAirlineTest">
        <test-method status="FAIL" signature="validateCreateAirline()[pri:1, instance:com.test.testcases.CreateAirlineTest@3745e5c6]" name="validateCreateAirline" duration-ms="6296" started-at="2022-12-29T13:40:28Z" finished-at="2022-12-29T13:40:35Z">
          <exception class="java.lang.AssertionError">
            <message>
              <![CDATA[expected [201] but found [404]]]>
            </message>
            <full-stacktrace>
              <![CDATA[java.lang.AssertionError: expected [201] but found [404]
at org.testng.Assert.fail(Assert.java:96)
at org.testng.Assert.failNotEquals(Assert.java:776)
at org.testng.Assert.assertEqualsImpl(Assert.java:137)
at org.testng.Assert.assertEquals(Assert.java:118)
at org.testng.Assert.assertEquals(Assert.java:652)
at org.testng.Assert.assertEquals(Assert.java:662)
at com.test.testcases.CreateAirlineTest.validateCreateAirline(CreateAirlineTest.java:30)
at sun.reflect.NativeMethodAccessorImpl.invoke0(Native Method)
at sun.reflect.NativeMethodAccessorImpl.invoke(NativeMethodAccessorImpl.java:62)
at sun.reflect.DelegatingMethodAccessorImpl.invoke(DelegatingMethodAccessorImpl.java:43)
at java.lang.reflect.Method.invoke(Method.java:498)
at org.testng.internal.MethodInvocationHelper.invokeMethod(MethodInvocationHelper.java:124)
at org.testng.internal.Invoker.invokeMethod(Invoker.java:583)
at org.testng.internal.Invoker.invokeTestMethod(Invoker.java:719)
at org.testng.internal.Invoker.invokeTestMethods(Invoker.java:989)
at org.testng.internal.TestMethodWorker.invokeTestMethods(TestMethodWorker.java:125)
at org.testng.internal.TestMethodWorker.run(TestMethodWorker.java:109)
at org.testng.TestRunner.privateRun(TestRunner.java:648)
at org.testng.TestRunner.run(TestRunner.java:505)
at org.testng.SuiteRunner.runTest(SuiteRunner.java:455)
at org.testng.SuiteRunner.runSequentially(SuiteRunner.java:450)
at org.testng.SuiteRunner.privateRun(SuiteRunner.java:415)
at org.testng.SuiteRunner.run(SuiteRunner.java:364)
at org.testng.SuiteRunnerWorker.runSuite(SuiteRunnerWorker.java:52)
at org.testng.SuiteRunnerWorker.run(SuiteRunnerWorker.java:84)
at org.testng.TestNG.runSuitesSequentially(TestNG.java:1208)
at org.testng.TestNG.runSuitesLocally(TestNG.java:1137)
at org.testng.TestNG.runSuites(TestNG.java:1049)
at org.testng.TestNG.run(TestNG.java:1017)
at org.apache.maven.surefire.testng.TestNGExecutor.run(TestNGExecutor.java:77)
at org.apache.maven.surefire.testng.TestNGDirectoryTestSuite.executeMulti(TestNGDirectoryTestSuite.java:159)
at org.apache.maven.surefire.testng.TestNGDirectoryTestSuite.execute(TestNGDirectoryTestSuite.java:99)
at org.apache.maven.surefire.testng.TestNGProvider.invoke(TestNGProvider.java:106)
at sun.reflect.NativeMethodAccessorImpl.invoke0(Native Method)
at sun.reflect.NativeMethodAccessorImpl.invoke(NativeMethodAccessorImpl.java:62)
at sun.reflect.DelegatingMethodAccessorImpl.invoke(DelegatingMethodAccessorImpl.java:43)
at java.lang.reflect.Method.invoke(Method.java:498)
at org.apache.maven.surefire.util.ReflectionUtils.invokeMethodWithArray(ReflectionUtils.java:189)
at org.apache.maven.surefire.booter.ProviderFactory$ProviderProxy.invoke(ProviderFactory.java:165)
at org.apache.maven.surefire.booter.ProviderFactory.invokeProvider(ProviderFactory.java:85)
at org.apache.maven.surefire.booter.ForkedBooter.runSuitesInProcess(ForkedBooter.java:115)
at org.apache.maven.surefire.booter.ForkedBooter.main(ForkedBooter.java:75)
]]>
            </full-stacktrace>
          </exception> <!-- java.lang.AssertionError -->
          <reporter-output>
          </reporter-output>
        </test-method> <!-- validateCreateAirline -->
      </class> <!-- com.test.testcases.CreateAirlineTest -->
      <class name="com.test.testcases.BaseTest">
        <test-method status="PASS" signature="init()[pri:0, instance:com.test.testcases.BaseTest@60611244]" name="init" is-config="true" duration-ms="70" started-at="2022-12-29T13:40:21Z" finished-at="2022-12-29T13:40:21Z">
          <reporter-output>
          </reporter-output>
        </test-method> <!-- init -->
        <test-method status="PASS" signature="startMock()[pri:0, instance:com.test.testcases.BaseTest@60611244]" name="startMock" is-config="true" duration-ms="6911" started-at="2022-12-29T13:40:21Z" finished-at="2022-12-29T13:40:28Z">
          <reporter-output>
          </reporter-output>
        </test-method> <!-- startMock -->
        <test-method status="PASS" signature="afterSuite()[pri:0, instance:com.test.testcases.BaseTest@60611244]" name="afterSuite" is-config="true" duration-ms="4" started-at="2022-12-29T13:40:38Z" finished-at="2022-12-29T13:40:38Z">
          <reporter-output>
          </reporter-output>
        </test-method> <!-- afterSuite -->
      </class> <!-- com.test.testcases.BaseTest -->
      <class name="com.test.testcases.GetAirlinesTest">
        <test-method status="PASS" signature="validateStatusCode()[pri:1, instance:com.test.testcases.GetAirlinesTest@5e4c8041]" name="validateStatusCode" duration-ms="248" started-at="2022-12-29T13:40:35Z" finished-at="2022-12-29T13:40:35Z">
          <reporter-output>
          </reporter-output>
        </test-method> <!-- validateStatusCode -->
        <test-method status="PASS" signature="validateName()[pri:2, instance:com.test.testcases.GetAirlinesTest@5e4c8041]" name="validateName" duration-ms="2831" started-at="2022-12-29T13:40:35Z" finished-at="2022-12-29T13:40:38Z">
          <reporter-output>
          </reporter-output>
        </test-method> <!-- validateName -->
      </class> <!-- com.test.testcases.GetAirlinesTest -->
    </test> <!-- Command line test -->
  </suite> <!-- Command line suite -->
</testng-results>
